1695170574962	geckodriver	INFO	Listening on 127.0.0.1:53482
1695170578018	mozrunner::runner	INFO	Running command: "C:\\Program Files\\Mozilla Firefox\\firefox.exe" "--marionette" "--remote-debugging-port" "53483" "--remote-allow-hosts" "localhost" "-no-remote" "-profile" "C:\\Users\\Lenovo\\AppData\\Local\\Temp\\rust_mozprofileytw4e0"
console.warn: services.settings: Ignoring preference override of remote settings server
console.warn: services.settings: Allow by setting MOZ_REMOTE_SETTINGS_DEVTOOLS=1 in the environment
1695170578641	Marionette	INFO	Marionette enabled
Dynamically enable window occlusion 0
1695170578733	Marionette	INFO	Listening on port 53501
WebDriver BiDi listening on ws://127.0.0.1:53483
Read port: 53501
1695170579149	RemoteAgent	WARN	TLS certificate errors will be ignored for this session
DevTools listening on ws://127.0.0.1:53483/devtools/browser/8b56d185-82dd-4d8d-8fb7-b569cb4ab6f0
console.warn: LoginRecipes: "Falling back to a synchronous message for: https://frontend.woosonicpwa.com."
console.warn: LoginRecipes: "Falling back to a synchronous message for: https://frontend.woosonicpwa.com."
console.warn: LoginRecipes: "Falling back to a synchronous message for: https://frontend.woosonicpwa.com."
console.warn: LoginRecipes: "Falling back to a synchronous message for: https://frontend.woosonicpwa.com."
JavaScript error: , line 0: TypeError: NetworkError when attempting to fetch resource.
JavaScript warning: https://connect.facebook.net/en_US/fbevents.js, line 24: Script terminated by timeout at:
value@https://connect.facebook.net/en_US/fbevents.js:24:7808
@https://connect.facebook.net/en_US/fbevents.js:24:65377

1695171122106	Marionette	INFO	Stopped listening on port 53501
Dynamically enable window occlusion 1
