1695157012642	geckodriver	INFO	Listening on 127.0.0.1:58458
1695157015723	mozrunner::runner	INFO	Running command: "C:\\Program Files\\Mozilla Firefox\\firefox.exe" "--marionette" "--remote-debugging-port" "58459" "--remote-allow-hosts" "localhost" "-no-remote" "-profile" "C:\\Users\\Lenovo\\AppData\\Local\\Temp\\rust_mozprofileG3tQi6"
console.warn: services.settings: Ignoring preference override of remote settings server
console.warn: services.settings: Allow by setting MOZ_REMOTE_SETTINGS_DEVTOOLS=1 in the environment
1695157016573	Marionette	INFO	Marionette enabled
Dynamically enable window occlusion 0
1695157016665	Marionette	INFO	Listening on port 58470
WebDriver BiDi listening on ws://127.0.0.1:58459
Read port: 58470
1695157016998	RemoteAgent	WARN	TLS certificate errors will be ignored for this session
DevTools listening on ws://127.0.0.1:58459/devtools/browser/44f1d2e5-e353-4944-b94f-5e7b86fc94e1
console.warn: LoginRecipes: "Falling back to a synchronous message for: https://frontend.woosonicpwa.com."
console.warn: LoginRecipes: "Falling back to a synchronous message for: https://frontend.woosonicpwa.com."
console.warn: LoginRecipes: "Falling back to a synchronous message for: https://frontend.woosonicpwa.com."
console.warn: LoginRecipes: "Falling back to a synchronous message for: https://frontend.woosonicpwa.com."
JavaScript error: https://frontend.woosonicpwa.com/_next/static/chunks/fd9d1056-c5fdb8005581c0c9.js, line 9: Error: Minified React error #423; visit https://reactjs.org/docs/error-decoder.html?invariant=423 for the full message or use the non-minified dev environment for full errors and additional helpful warnings.
JavaScript warning: https://connect.facebook.net/en_US/fbevents.js, line 24: Script terminated by timeout at:
value@https://connect.facebook.net/en_US/fbevents.js:24:7808
@https://connect.facebook.net/en_US/fbevents.js:24:65377

1695157744288	Marionette	INFO	Stopped listening on port 58470
Dynamically enable window occlusion 1
!!! error running onStopped callback: TypeError: callback is not a function
