1695167042310	geckodriver	INFO	Listening on 127.0.0.1:61572
1695167045377	mozrunner::runner	INFO	Running command: "C:\\Program Files\\Mozilla Firefox\\firefox.exe" "--marionette" "--remote-debugging-port" "61573" "--remote-allow-hosts" "localhost" "-no-remote" "-profile" "C:\\Users\\Lenovo\\AppData\\Local\\Temp\\rust_mozprofile8JoVAM"
console.warn: services.settings: Ignoring preference override of remote settings server
console.warn: services.settings: Allow by setting MOZ_REMOTE_SETTINGS_DEVTOOLS=1 in the environment
1695167045733	Marionette	INFO	Marionette enabled
Dynamically enable window occlusion 0
1695167045809	Marionette	INFO	Listening on port 61589
WebDriver BiDi listening on ws://127.0.0.1:61573
Read port: 61589
1695167046020	RemoteAgent	WARN	TLS certificate errors will be ignored for this session
DevTools listening on ws://127.0.0.1:61573/devtools/browser/dffdbf53-148a-469a-a0da-d6b42f7a3411
console.warn: LoginRecipes: "Falling back to a synchronous message for: https://frontend.woosonicpwa.com."
console.warn: LoginRecipes: "Falling back to a synchronous message for: https://frontend.woosonicpwa.com."
console.warn: LoginRecipes: "Falling back to a synchronous message for: https://frontend.woosonicpwa.com."
console.warn: LoginRecipes: "Falling back to a synchronous message for: https://frontend.woosonicpwa.com."
JavaScript error: https://frontend.woosonicpwa.com/_next/static/chunks/fd9d1056-c5fdb8005581c0c9.js, line 9: Error: Minified React error #423; visit https://reactjs.org/docs/error-decoder.html?invariant=423 for the full message or use the non-minified dev environment for full errors and additional helpful warnings.
JavaScript error: resource://gre/modules/AsyncShutdown.sys.mjs, line 573: NotFoundError: No such JSWindowActor 'DevToolsFrame'
1695168339975	Marionette	INFO	Stopped listening on port 61589
Dynamically enable window occlusion 1
!!! error running onStopped callback: TypeError: callback is not a function
console.error: (new Error("Data is not ready.", "resource://gre/modules/JSONFile.sys.mjs", 178))
