1695170346088	geckodriver	INFO	Listening on 127.0.0.1:52652
1695170349137	mozrunner::runner	INFO	Running command: "C:\\Program Files\\Mozilla Firefox\\firefox.exe" "--marionette" "--remote-debugging-port" "52653" "--remote-allow-hosts" "localhost" "-no-remote" "-profile" "C:\\Users\\Lenovo\\AppData\\Local\\Temp\\rust_mozprofilebbr0Qb"
console.warn: services.settings: Ignoring preference override of remote settings server
console.warn: services.settings: Allow by setting MOZ_REMOTE_SETTINGS_DEVTOOLS=1 in the environment
1695170349719	Marionette	INFO	Marionette enabled
Dynamically enable window occlusion 0
1695170349798	Marionette	INFO	Listening on port 52667
WebDriver BiDi listening on ws://127.0.0.1:52653
Read port: 52667
1695170349902	RemoteAgent	WARN	TLS certificate errors will be ignored for this session
DevTools listening on ws://127.0.0.1:52653/devtools/browser/bbf4320d-fbce-4684-804c-1ba47dd3dc5d
console.warn: LoginRecipes: "Falling back to a synchronous message for: https://frontend.woosonicpwa.com."
console.warn: LoginRecipes: "Falling back to a synchronous message for: https://frontend.woosonicpwa.com."
console.warn: LoginRecipes: "Falling back to a synchronous message for: https://frontend.woosonicpwa.com."
console.warn: LoginRecipes: "Falling back to a synchronous message for: https://frontend.woosonicpwa.com."
JavaScript error: https://frontend.woosonicpwa.com/_next/static/chunks/fd9d1056-c5fdb8005581c0c9.js, line 9: Error: Minified React error #418; visit https://reactjs.org/docs/error-decoder.html?invariant=418 for the full message or use the non-minified dev environment for full errors and additional helpful warnings.
JavaScript error: https://frontend.woosonicpwa.com/_next/static/chunks/fd9d1056-c5fdb8005581c0c9.js, line 9: Error: Minified React error #418; visit https://reactjs.org/docs/error-decoder.html?invariant=418 for the full message or use the non-minified dev environment for full errors and additional helpful warnings.
JavaScript error: https://frontend.woosonicpwa.com/_next/static/chunks/fd9d1056-c5fdb8005581c0c9.js, line 9: Error: Minified React error #418; visit https://reactjs.org/docs/error-decoder.html?invariant=418 for the full message or use the non-minified dev environment for full errors and additional helpful warnings.
JavaScript error: https://frontend.woosonicpwa.com/_next/static/chunks/fd9d1056-c5fdb8005581c0c9.js, line 9: Error: Minified React error #418; visit https://reactjs.org/docs/error-decoder.html?invariant=418 for the full message or use the non-minified dev environment for full errors and additional helpful warnings.
JavaScript error: https://frontend.woosonicpwa.com/_next/static/chunks/fd9d1056-c5fdb8005581c0c9.js, line 9: Error: Minified React error #418; visit https://reactjs.org/docs/error-decoder.html?invariant=418 for the full message or use the non-minified dev environment for full errors and additional helpful warnings.
JavaScript error: https://frontend.woosonicpwa.com/_next/static/chunks/fd9d1056-c5fdb8005581c0c9.js, line 9: Error: Minified React error #418; visit https://reactjs.org/docs/error-decoder.html?invariant=418 for the full message or use the non-minified dev environment for full errors and additional helpful warnings.
JavaScript error: https://frontend.woosonicpwa.com/_next/static/chunks/fd9d1056-c5fdb8005581c0c9.js, line 9: Error: Minified React error #418; visit https://reactjs.org/docs/error-decoder.html?invariant=418 for the full message or use the non-minified dev environment for full errors and additional helpful warnings.
JavaScript error: https://frontend.woosonicpwa.com/_next/static/chunks/fd9d1056-c5fdb8005581c0c9.js, line 9: Error: Minified React error #418; visit https://reactjs.org/docs/error-decoder.html?invariant=418 for the full message or use the non-minified dev environment for full errors and additional helpful warnings.
JavaScript error: https://frontend.woosonicpwa.com/_next/static/chunks/fd9d1056-c5fdb8005581c0c9.js, line 9: Error: Minified React error #423; visit https://reactjs.org/docs/error-decoder.html?invariant=423 for the full message or use the non-minified dev environment for full errors and additional helpful warnings.
JavaScript error: , line 0: TypeError: NetworkError when attempting to fetch resource.
1695195471475	Marionette	INFO	Stopped listening on port 52667
Dynamically enable window occlusion 1
