1695209720841	geckodriver	INFO	Listening on 127.0.0.1:64638
1695209723937	mozrunner::runner	INFO	Running command: "C:\\Program Files\\Mozilla Firefox\\firefox.exe" "--marionette" "--remote-debugging-port" "64639" "--remote-allow-hosts" "localhost" "-no-remote" "-profile" "C:\\Users\\Lenovo\\AppData\\Local\\Temp\\rust_mozprofileHnOWIY"
console.warn: services.settings: Ignoring preference override of remote settings server
console.warn: services.settings: Allow by setting MOZ_REMOTE_SETTINGS_DEVTOOLS=1 in the environment
1695209724538	Marionette	INFO	Marionette enabled
Dynamically enable window occlusion 0
1695209724613	Marionette	INFO	Listening on port 64655
WebDriver BiDi listening on ws://127.0.0.1:64639
Read port: 64655
1695209724878	RemoteAgent	WARN	TLS certificate errors will be ignored for this session
DevTools listening on ws://127.0.0.1:64639/devtools/browser/d842b691-a688-4ad3-845f-e16a31406dca
console.warn: LoginRecipes: "Falling back to a synchronous message for: https://frontend.woosonicpwa.com."
console.warn: LoginRecipes: "Falling back to a synchronous message for: https://frontend.woosonicpwa.com."
console.warn: LoginRecipes: "Falling back to a synchronous message for: https://frontend.woosonicpwa.com."
console.warn: LoginRecipes: "Falling back to a synchronous message for: https://frontend.woosonicpwa.com."
JavaScript error: https://frontend.woosonicpwa.com/_next/static/chunks/fd9d1056-c5fdb8005581c0c9.js, line 9: Error: Minified React error #418; visit https://reactjs.org/docs/error-decoder.html?invariant=418 for the full message or use the non-minified dev environment for full errors and additional helpful warnings.
JavaScript error: https://frontend.woosonicpwa.com/_next/static/chunks/fd9d1056-c5fdb8005581c0c9.js, line 9: Error: Minified React error #418; visit https://reactjs.org/docs/error-decoder.html?invariant=418 for the full message or use the non-minified dev environment for full errors and additional helpful warnings.
JavaScript error: https://frontend.woosonicpwa.com/_next/static/chunks/fd9d1056-c5fdb8005581c0c9.js, line 9: Error: Minified React error #418; visit https://reactjs.org/docs/error-decoder.html?invariant=418 for the full message or use the non-minified dev environment for full errors and additional helpful warnings.
JavaScript error: https://frontend.woosonicpwa.com/_next/static/chunks/fd9d1056-c5fdb8005581c0c9.js, line 9: Error: Minified React error #418; visit https://reactjs.org/docs/error-decoder.html?invariant=418 for the full message or use the non-minified dev environment for full errors and additional helpful warnings.
JavaScript error: https://frontend.woosonicpwa.com/_next/static/chunks/fd9d1056-c5fdb8005581c0c9.js, line 9: Error: Minified React error #418; visit https://reactjs.org/docs/error-decoder.html?invariant=418 for the full message or use the non-minified dev environment for full errors and additional helpful warnings.
JavaScript error: https://frontend.woosonicpwa.com/_next/static/chunks/fd9d1056-c5fdb8005581c0c9.js, line 9: Error: Minified React error #418; visit https://reactjs.org/docs/error-decoder.html?invariant=418 for the full message or use the non-minified dev environment for full errors and additional helpful warnings.
JavaScript error: https://frontend.woosonicpwa.com/_next/static/chunks/fd9d1056-c5fdb8005581c0c9.js, line 9: Error: Minified React error #418; visit https://reactjs.org/docs/error-decoder.html?invariant=418 for the full message or use the non-minified dev environment for full errors and additional helpful warnings.
JavaScript error: https://frontend.woosonicpwa.com/_next/static/chunks/fd9d1056-c5fdb8005581c0c9.js, line 9: Error: Minified React error #418; visit https://reactjs.org/docs/error-decoder.html?invariant=418 for the full message or use the non-minified dev environment for full errors and additional helpful warnings.
JavaScript error: https://frontend.woosonicpwa.com/_next/static/chunks/fd9d1056-c5fdb8005581c0c9.js, line 9: Error: Minified React error #423; visit https://reactjs.org/docs/error-decoder.html?invariant=423 for the full message or use the non-minified dev environment for full errors and additional helpful warnings.
1695209877162	Marionette	INFO	Stopped listening on port 64655
Dynamically enable window occlusion 1
