1695208028769	geckodriver	INFO	Listening on 127.0.0.1:60898
1695208031833	mozrunner::runner	INFO	Running command: "C:\\Program Files\\Mozilla Firefox\\firefox.exe" "--marionette" "--remote-debugging-port" "60899" "--remote-allow-hosts" "localhost" "-no-remote" "-profile" "C:\\Users\\Lenovo\\AppData\\Local\\Temp\\rust_mozprofileGr8gjH"
console.warn: services.settings: Ignoring preference override of remote settings server
console.warn: services.settings: Allow by setting MOZ_REMOTE_SETTINGS_DEVTOOLS=1 in the environment
1695208032199	Marionette	INFO	Marionette enabled
Dynamically enable window occlusion 0
1695208032284	Marionette	INFO	Listening on port 60915
WebDriver BiDi listening on ws://127.0.0.1:60899
Read port: 60915
1695208032555	RemoteAgent	WARN	TLS certificate errors will be ignored for this session
DevTools listening on ws://127.0.0.1:60899/devtools/browser/23b73ef5-e81f-41f0-ad52-9140c5b6b747
console.warn: LoginRecipes: "Falling back to a synchronous message for: https://frontend.woosonicpwa.com."
console.warn: LoginRecipes: "Falling back to a synchronous message for: https://frontend.woosonicpwa.com."
console.warn: LoginRecipes: "Falling back to a synchronous message for: https://frontend.woosonicpwa.com."
console.warn: LoginRecipes: "Falling back to a synchronous message for: https://frontend.woosonicpwa.com."
JavaScript error: https://frontend.woosonicpwa.com/_next/static/chunks/fd9d1056-c5fdb8005581c0c9.js, line 9: Error: Minified React error #418; visit https://reactjs.org/docs/error-decoder.html?invariant=418 for the full message or use the non-minified dev environment for full errors and additional helpful warnings.
JavaScript error: https://frontend.woosonicpwa.com/_next/static/chunks/fd9d1056-c5fdb8005581c0c9.js, line 9: Error: Minified React error #418; visit https://reactjs.org/docs/error-decoder.html?invariant=418 for the full message or use the non-minified dev environment for full errors and additional helpful warnings.
JavaScript error: https://frontend.woosonicpwa.com/_next/static/chunks/fd9d1056-c5fdb8005581c0c9.js, line 9: Error: Minified React error #418; visit https://reactjs.org/docs/error-decoder.html?invariant=418 for the full message or use the non-minified dev environment for full errors and additional helpful warnings.
JavaScript error: https://frontend.woosonicpwa.com/_next/static/chunks/fd9d1056-c5fdb8005581c0c9.js, line 9: Error: Minified React error #418; visit https://reactjs.org/docs/error-decoder.html?invariant=418 for the full message or use the non-minified dev environment for full errors and additional helpful warnings.
JavaScript error: https://frontend.woosonicpwa.com/_next/static/chunks/fd9d1056-c5fdb8005581c0c9.js, line 9: Error: Minified React error #418; visit https://reactjs.org/docs/error-decoder.html?invariant=418 for the full message or use the non-minified dev environment for full errors and additional helpful warnings.
JavaScript error: https://frontend.woosonicpwa.com/_next/static/chunks/fd9d1056-c5fdb8005581c0c9.js, line 9: Error: Minified React error #418; visit https://reactjs.org/docs/error-decoder.html?invariant=418 for the full message or use the non-minified dev environment for full errors and additional helpful warnings.
JavaScript error: https://frontend.woosonicpwa.com/_next/static/chunks/fd9d1056-c5fdb8005581c0c9.js, line 9: Error: Minified React error #418; visit https://reactjs.org/docs/error-decoder.html?invariant=418 for the full message or use the non-minified dev environment for full errors and additional helpful warnings.
JavaScript error: https://frontend.woosonicpwa.com/_next/static/chunks/fd9d1056-c5fdb8005581c0c9.js, line 9: Error: Minified React error #418; visit https://reactjs.org/docs/error-decoder.html?invariant=418 for the full message or use the non-minified dev environment for full errors and additional helpful warnings.
JavaScript error: https://frontend.woosonicpwa.com/_next/static/chunks/fd9d1056-c5fdb8005581c0c9.js, line 9: Error: Minified React error #423; visit https://reactjs.org/docs/error-decoder.html?invariant=423 for the full message or use the non-minified dev environment for full errors and additional helpful warnings.
JavaScript warning: https://connect.facebook.net/en_US/fbevents.js, line 24: Script terminated by timeout at:
value@https://connect.facebook.net/en_US/fbevents.js:24:7808
@https://connect.facebook.net/en_US/fbevents.js:24:65377

1695208101853	Marionette	INFO	Stopped listening on port 60915
Dynamically enable window occlusion 1
console.error: RemoteSecuritySettings.jsm: 
  Failed to download attachment: TypeError: NetworkError: Network request failed
console.error: RemoteSecuritySettings.jsm: 
  Failed to download attachment: TypeError: NetworkError: Network request failed
console.error: RemoteSecuritySettings.jsm: 
  Failed to download attachment: TypeError: NetworkError: Network request failed
console.error: RemoteSecuritySettings.jsm: 
  Failed to download attachment: TypeError: NetworkError: Network request failed
console.error: RemoteSecuritySettings.jsm: 
  Failed to download attachment: TypeError: NetworkError: Network request failed
console.error: RemoteSecuritySettings.jsm: 
  Failed to download attachment: TypeError: NetworkError: Network request failed
console.error: RemoteSecuritySettings.jsm: 
  Failed to download attachment: TypeError: NetworkError: Network request failed
console.error: RemoteSecuritySettings.jsm: 
  Failed to download attachment: TypeError: NetworkError: Network request failed
console.error: RemoteSecuritySettings.jsm: 
  Failed to download attachment: TypeError: NetworkError: Network request failed
console.error: RemoteSecuritySettings.jsm: 
  Failed to download attachment: TypeError: NetworkError: Network request failed
console.error: RemoteSecuritySettings.jsm: 
  Failed to download attachment: TypeError: NetworkError: Network request failed
console.error: RemoteSecuritySettings.jsm: 
  Failed to download attachment: TypeError: NetworkError: Network request failed
console.error: RemoteSecuritySettings.jsm: 
  Failed to download attachment: TypeError: NetworkError: Network request failed
console.error: RemoteSecuritySettings.jsm: 
  Failed to download attachment: TypeError: NetworkError: Network request failed
console.error: RemoteSecuritySettings.jsm: 
  Failed to download attachment: TypeError: NetworkError: Network request failed
console.error: RemoteSecuritySettings.jsm: 
  Failed to download attachment: TypeError: NetworkError: Network request failed
console.error: RemoteSecuritySettings.jsm: 
  Failed to download attachment: TypeError: NetworkError: Network request failed
console.error: RemoteSecuritySettings.jsm: 
  Failed to download attachment: TypeError: NetworkError: Network request failed
console.error: RemoteSecuritySettings.jsm: 
  Failed to download attachment: TypeError: NetworkError: Network request failed
console.error: RemoteSecuritySettings.jsm: 
  Failed to download attachment: TypeError: NetworkError: Network request failed
console.error: RemoteSecuritySettings.jsm: 
  Failed to download attachment: TypeError: NetworkError: Network request failed
console.error: RemoteSecuritySettings.jsm: 
  Failed to download attachment: TypeError: NetworkError: Network request failed
console.error: RemoteSecuritySettings.jsm: 
  Failed to download attachment: TypeError: NetworkError: Network request failed
console.error: RemoteSecuritySettings.jsm: 
  Failed to download attachment: TypeError: NetworkError: Network request failed
console.error: RemoteSecuritySettings.jsm: 
  Failed to download attachment: TypeError: NetworkError: Network request failed
console.error: RemoteSecuritySettings.jsm: 
  Failed to download attachment: TypeError: NetworkError: Network request failed
console.error: RemoteSecuritySettings.jsm: 
  Failed to download attachment: TypeError: NetworkError: Network request failed
console.error: RemoteSecuritySettings.jsm: 
  Failed to download attachment: TypeError: NetworkError: Network request failed
console.error: RemoteSecuritySettings.jsm: 
  Failed to download attachment: TypeError: NetworkError: Network request failed
console.error: RemoteSecuritySettings.jsm: 
  Failed to download attachment: TypeError: NetworkError: Network request failed
console.error: RemoteSecuritySettings.jsm: 
  Failed to download attachment: TypeError: NetworkError: Network request failed
console.error: RemoteSecuritySettings.jsm: 
  Failed to download attachment: TypeError: NetworkError: Network request failed
console.error: RemoteSecuritySettings.jsm: 
  Failed to download attachment: TypeError: NetworkError: Network request failed
console.error: RemoteSecuritySettings.jsm: 
  Failed to download attachment: TypeError: NetworkError: Network request failed
console.error: RemoteSecuritySettings.jsm: 
  Failed to download attachment: TypeError: NetworkError: Network request failed
console.error: RemoteSecuritySettings.jsm: 
  Failed to download attachment: TypeError: NetworkError: Network request failed
console.error: RemoteSecuritySettings.jsm: 
  Failed to download attachment: TypeError: NetworkError: Network request failed
console.error: RemoteSecuritySettings.jsm: 
  Failed to download attachment: TypeError: NetworkError: Network request failed
console.error: RemoteSecuritySettings.jsm: 
  Failed to download attachment: TypeError: NetworkError: Network request failed
console.error: RemoteSecuritySettings.jsm: 
  Failed to download attachment: TypeError: NetworkError: Network request failed
console.error: RemoteSecuritySettings.jsm: 
  Failed to download attachment: TypeError: NetworkError: Network request failed
console.error: RemoteSecuritySettings.jsm: 
  Failed to download attachment: TypeError: NetworkError: Network request failed
console.error: RemoteSecuritySettings.jsm: 
  Failed to download attachment: TypeError: NetworkError: Network request failed
console.error: RemoteSecuritySettings.jsm: 
  Failed to download attachment: TypeError: NetworkError: Network request failed
console.error: RemoteSecuritySettings.jsm: 
  Failed to download attachment: TypeError: NetworkError: Network request failed
console.error: RemoteSecuritySettings.jsm: 
  Failed to download attachment: TypeError: NetworkError: Network request failed
console.error: RemoteSecuritySettings.jsm: 
  Failed to download attachment: TypeError: NetworkError: Network request failed
console.error: RemoteSecuritySettings.jsm: 
  Failed to download attachment: TypeError: NetworkError: Network request failed
console.error: RemoteSecuritySettings.jsm: 
  Failed to download attachment: TypeError: NetworkError: Network request failed
console.error: RemoteSecuritySettings.jsm: 
  Failed to download attachment: TypeError: NetworkError: Network request failed
console.error: RemoteSecuritySettings.jsm: 
  Failed to download attachment: TypeError: NetworkError: Network request failed
console.error: RemoteSecuritySettings.jsm: 
  Failed to download attachment: TypeError: NetworkError: Network request failed
console.error: RemoteSecuritySettings.jsm: 
  Failed to download attachment: TypeError: NetworkError: Network request failed
console.error: RemoteSecuritySettings.jsm: 
  Failed to download attachment: TypeError: NetworkError: Network request failed
console.error: RemoteSecuritySettings.jsm: 
  Failed to download attachment: TypeError: NetworkError: Network request failed
console.error: RemoteSecuritySettings.jsm: 
  Failed to download attachment: TypeError: NetworkError: Network request failed
console.error: RemoteSecuritySettings.jsm: 
  Failed to download attachment: TypeError: NetworkError: Network request failed
console.error: RemoteSecuritySettings.jsm: 
  Failed to download attachment: TypeError: NetworkError: Network request failed
console.error: RemoteSecuritySettings.jsm: 
  Failed to download attachment: TypeError: NetworkError: Network request failed
console.error: RemoteSecuritySettings.jsm: 
  Failed to download attachment: TypeError: NetworkError: Network request failed
console.error: RemoteSecuritySettings.jsm: 
  Failed to download attachment: TypeError: NetworkError: Network request failed
console.error: RemoteSecuritySettings.jsm: 
  Failed to download attachment: TypeError: NetworkError: Network request failed
console.error: RemoteSecuritySettings.jsm: 
  Failed to download attachment: TypeError: NetworkError: Network request failed
console.error: RemoteSecuritySettings.jsm: 
  Failed to download attachment: TypeError: NetworkError: Network request failed
console.error: RemoteSecuritySettings.jsm: 
  Failed to download attachment: TypeError: NetworkError: Network request failed
console.error: RemoteSecuritySettings.jsm: 
  Failed to download attachment: TypeError: NetworkError: Network request failed
console.error: RemoteSecuritySettings.jsm: 
  Failed to download attachment: TypeError: NetworkError: Network request failed
console.error: RemoteSecuritySettings.jsm: 
  Failed to download attachment: TypeError: NetworkError: Network request failed
console.error: RemoteSecuritySettings.jsm: 
  Failed to download attachment: TypeError: NetworkError: Network request failed
console.error: RemoteSecuritySettings.jsm: 
  Failed to download attachment: TypeError: NetworkError: Network request failed
console.error: RemoteSecuritySettings.jsm: 
  Failed to download attachment: TypeError: NetworkError: Network request failed
console.error: RemoteSecuritySettings.jsm: 
  Failed to download attachment: TypeError: NetworkError: Network request failed
console.error: RemoteSecuritySettings.jsm: 
  Failed to download attachment: TypeError: NetworkError: Network request failed
console.error: RemoteSecuritySettings.jsm: 
  Failed to download attachment: TypeError: NetworkError: Network request failed
console.error: RemoteSecuritySettings.jsm: 
  Failed to download attachment: TypeError: NetworkError: Network request failed
console.error: RemoteSecuritySettings.jsm: 
  Failed to download attachment: TypeError: NetworkError: Network request failed
console.error: RemoteSecuritySettings.jsm: 
  Failed to download attachment: TypeError: NetworkError: Network request failed
console.error: RemoteSecuritySettings.jsm: 
  Failed to download attachment: TypeError: NetworkError: Network request failed
console.error: RemoteSecuritySettings.jsm: 
  Failed to download attachment: TypeError: NetworkError: Network request failed
console.error: RemoteSecuritySettings.jsm: 
  Failed to download attachment: TypeError: NetworkError: Network request failed
console.error: RemoteSecuritySettings.jsm: 
  Failed to download attachment: TypeError: NetworkError: Network request failed
console.error: RemoteSecuritySettings.jsm: 
  Failed to download attachment: TypeError: NetworkError: Network request failed
console.error: RemoteSecuritySettings.jsm: 
  Failed to download attachment: TypeError: NetworkError: Network request failed
console.error: RemoteSecuritySettings.jsm: 
  Failed to download attachment: TypeError: NetworkError: Network request failed
console.error: RemoteSecuritySettings.jsm: 
  Failed to download attachment: TypeError: NetworkError: Network request failed
console.error: RemoteSecuritySettings.jsm: 
  Failed to download attachment: TypeError: NetworkError: Network request failed
console.error: RemoteSecuritySettings.jsm: 
  Failed to download attachment: TypeError: NetworkError: Network request failed
console.error: RemoteSecuritySettings.jsm: 
  Failed to download attachment: TypeError: NetworkError: Network request failed
console.error: RemoteSecuritySettings.jsm: 
  Failed to download attachment: TypeError: NetworkError: Network request failed
console.error: RemoteSecuritySettings.jsm: 
  Failed to download attachment: TypeError: NetworkError: Network request failed
console.error: RemoteSecuritySettings.jsm: 
  Failed to download attachment: TypeError: NetworkError: Network request failed
console.error: RemoteSecuritySettings.jsm: 
  Failed to download attachment: TypeError: NetworkError: Network request failed
console.error: RemoteSecuritySettings.jsm: 
  Failed to download attachment: TypeError: NetworkError: Network request failed
console.error: RemoteSecuritySettings.jsm: 
  Failed to download attachment: TypeError: NetworkError: Network request failed
console.error: RemoteSecuritySettings.jsm: 
  Failed to download attachment: TypeError: NetworkError: Network request failed
console.error: RemoteSecuritySettings.jsm: 
  Failed to download attachment: TypeError: NetworkError: Network request failed
console.error: RemoteSecuritySettings.jsm: 
  Failed to download attachment: TypeError: NetworkError: Network request failed
console.error: RemoteSecuritySettings.jsm: 
  Failed to download attachment: TypeError: NetworkError: Network request failed
console.error: RemoteSecuritySettings.jsm: 
  Failed to download attachment: TypeError: NetworkError: Network request failed
console.error: RemoteSecuritySettings.jsm: 
  Failed to download attachment: TypeError: NetworkError: Network request failed
console.error: RemoteSecuritySettings.jsm: 
  Failed to download attachment: TypeError: NetworkError: Network request failed
console.error: RemoteSecuritySettings.jsm: 
  Failed to download attachment: TypeError: NetworkError: Network request failed
console.error: RemoteSecuritySettings.jsm: 
  Failed to download attachment: TypeError: NetworkError: Network request failed
console.error: RemoteSecuritySettings.jsm: 
  Failed to download attachment: TypeError: NetworkError: Network request failed
console.error: RemoteSecuritySettings.jsm: 
  Failed to download attachment: TypeError: NetworkError: Network request failed
console.error: RemoteSecuritySettings.jsm: 
  Failed to download attachment: TypeError: NetworkError: Network request failed
console.error: RemoteSecuritySettings.jsm: 
  Failed to download attachment: TypeError: NetworkError: Network request failed
console.error: RemoteSecuritySettings.jsm: 
  Failed to download attachment: TypeError: NetworkError: Network request failed
console.error: RemoteSecuritySettings.jsm: 
  Failed to download attachment: TypeError: NetworkError: Network request failed
console.error: RemoteSecuritySettings.jsm: 
  Failed to download attachment: TypeError: NetworkError: Network request failed
console.error: RemoteSecuritySettings.jsm: 
  Failed to download attachment: TypeError: NetworkError: Network request failed
console.error: RemoteSecuritySettings.jsm: 
  Failed to download attachment: TypeError: NetworkError: Network request failed
console.error: RemoteSecuritySettings.jsm: 
  Failed to download attachment: TypeError: NetworkError: Network request failed
console.error: RemoteSecuritySettings.jsm: 
  Failed to download attachment: TypeError: NetworkError: Network request failed
console.error: RemoteSecuritySettings.jsm: 
  Failed to download attachment: TypeError: NetworkError: Network request failed
console.error: RemoteSecuritySettings.jsm: 
  Failed to download attachment: TypeError: NetworkError: Network request failed
console.error: RemoteSecuritySettings.jsm: 
  Failed to download attachment: TypeError: NetworkError: Network request failed
console.error: RemoteSecuritySettings.jsm: 
  Failed to download attachment: TypeError: NetworkError: Network request failed
console.error: RemoteSecuritySettings.jsm: 
  Failed to download attachment: TypeError: NetworkError: Network request failed
console.error: RemoteSecuritySettings.jsm: 
  Failed to download attachment: TypeError: NetworkError: Network request failed
console.error: RemoteSecuritySettings.jsm: 
  Failed to download attachment: TypeError: NetworkError: Network request failed
console.error: RemoteSecuritySettings.jsm: 
  Failed to download attachment: TypeError: NetworkError: Network request failed
console.error: RemoteSecuritySettings.jsm: 
  Failed to download attachment: TypeError: NetworkError: Network request failed
console.error: RemoteSecuritySettings.jsm: 
  Failed to download attachment: TypeError: NetworkError: Network request failed
console.error: RemoteSecuritySettings.jsm: 
  Failed to download attachment: TypeError: NetworkError: Network request failed
console.error: RemoteSecuritySettings.jsm: 
  Failed to download attachment: TypeError: NetworkError: Network request failed
console.error: RemoteSecuritySettings.jsm: 
  Failed to download attachment: TypeError: NetworkError: Network request failed
console.error: RemoteSecuritySettings.jsm: 
  Failed to download attachment: TypeError: NetworkError: Network request failed
console.error: RemoteSecuritySettings.jsm: 
  Failed to download attachment: TypeError: NetworkError: Network request failed
console.error: RemoteSecuritySettings.jsm: 
  Failed to download attachment: TypeError: NetworkError: Network request failed
console.error: RemoteSecuritySettings.jsm: 
  Failed to download attachment: TypeError: NetworkError: Network request failed
console.error: RemoteSecuritySettings.jsm: 
  Failed to download attachment: TypeError: NetworkError: Network request failed
console.error: RemoteSecuritySettings.jsm: 
  Failed to download attachment: TypeError: NetworkError: Network request failed
console.error: RemoteSecuritySettings.jsm: 
  Failed to download attachment: TypeError: NetworkError: Network request failed
console.error: RemoteSecuritySettings.jsm: 
  Failed to download attachment: TypeError: NetworkError: Network request failed
console.error: RemoteSecuritySettings.jsm: 
  Failed to download attachment: TypeError: NetworkError: Network request failed
console.error: RemoteSecuritySettings.jsm: 
  Failed to download attachment: TypeError: NetworkError: Network request failed
console.error: RemoteSecuritySettings.jsm: 
  Failed to download attachment: TypeError: NetworkError: Network request failed
console.error: RemoteSecuritySettings.jsm: 
  Failed to download attachment: TypeError: NetworkError: Network request failed
console.error: RemoteSecuritySettings.jsm: 
  Failed to download attachment: TypeError: NetworkError: Network request failed
console.error: RemoteSecuritySettings.jsm: 
  Failed to download attachment: TypeError: NetworkError: Network request failed
console.error: RemoteSecuritySettings.jsm: 
  Failed to download attachment: TypeError: NetworkError: Network request failed
console.error: RemoteSecuritySettings.jsm: 
  Failed to download attachment: TypeError: NetworkError: Network request failed
console.error: RemoteSecuritySettings.jsm: 
  Failed to download attachment: TypeError: NetworkError: Network request failed
console.error: RemoteSecuritySettings.jsm: 
  Failed to download attachment: TypeError: NetworkError: Network request failed
console.error: RemoteSecuritySettings.jsm: 
  Failed to download attachment: TypeError: NetworkError: Network request failed
console.error: RemoteSecuritySettings.jsm: 
  Failed to download attachment: TypeError: NetworkError: Network request failed
console.error: RemoteSecuritySettings.jsm: 
  Failed to download attachment: TypeError: NetworkError: Network request failed
console.error: RemoteSecuritySettings.jsm: 
  Failed to download attachment: TypeError: NetworkError: Network request failed
console.error: RemoteSecuritySettings.jsm: 
  Failed to download attachment: TypeError: NetworkError: Network request failed
console.error: RemoteSecuritySettings.jsm: 
  Failed to download attachment: TypeError: NetworkError: Network request failed
console.error: RemoteSecuritySettings.jsm: 
  Failed to download attachment: TypeError: NetworkError: Network request failed
console.error: RemoteSecuritySettings.jsm: 
  Failed to download attachment: TypeError: NetworkError: Network request failed
console.error: RemoteSecuritySettings.jsm: 
  Failed to download attachment: TypeError: NetworkError: Network request failed
console.error: RemoteSecuritySettings.jsm: 
  Failed to download attachment: TypeError: NetworkError: Network request failed
console.error: RemoteSecuritySettings.jsm: 
  Failed to download attachment: TypeError: NetworkError: Network request failed
console.error: RemoteSecuritySettings.jsm: 
  Failed to download attachment: TypeError: NetworkError: Network request failed
console.error: RemoteSecuritySettings.jsm: 
  Failed to download attachment: TypeError: NetworkError: Network request failed
console.error: RemoteSecuritySettings.jsm: 
  Failed to download attachment: TypeError: NetworkError: Network request failed
console.error: RemoteSecuritySettings.jsm: 
  Failed to download attachment: TypeError: NetworkError: Network request failed
console.error: RemoteSecuritySettings.jsm: 
  Failed to download attachment: TypeError: NetworkError: Network request failed
console.error: RemoteSecuritySettings.jsm: 
  Failed to download attachment: TypeError: NetworkError: Network request failed
console.error: RemoteSecuritySettings.jsm: 
  Failed to download attachment: TypeError: NetworkError: Network request failed
console.error: RemoteSecuritySettings.jsm: 
  Failed to download attachment: TypeError: NetworkError: Network request failed
console.error: RemoteSecuritySettings.jsm: 
  Failed to download attachment: TypeError: NetworkError: Network request failed
console.error: RemoteSecuritySettings.jsm: 
  Failed to download attachment: TypeError: NetworkError: Network request failed
console.error: RemoteSecuritySettings.jsm: 
  Failed to download attachment: TypeError: NetworkError: Network request failed
console.error: RemoteSecuritySettings.jsm: 
  Failed to download attachment: TypeError: NetworkError: Network request failed
console.error: RemoteSecuritySettings.jsm: 
  Failed to download attachment: TypeError: NetworkError: Network request failed
console.error: RemoteSecuritySettings.jsm: 
  Failed to download attachment: TypeError: NetworkError: Network request failed
console.error: RemoteSecuritySettings.jsm: 
  Failed to download attachment: TypeError: NetworkError: Network request failed
console.error: RemoteSecuritySettings.jsm: 
  Failed to download attachment: TypeError: NetworkError: Network request failed
console.error: RemoteSecuritySettings.jsm: 
  Failed to download attachment: TypeError: NetworkError: Network request failed
console.error: RemoteSecuritySettings.jsm: 
  Failed to download attachment: TypeError: NetworkError: Network request failed
console.error: RemoteSecuritySettings.jsm: 
  Failed to download attachment: TypeError: NetworkError: Network request failed
console.error: RemoteSecuritySettings.jsm: 
  Failed to download attachment: TypeError: NetworkError: Network request failed
console.error: RemoteSecuritySettings.jsm: 
  Failed to download attachment: TypeError: NetworkError: Network request failed
console.error: RemoteSecuritySettings.jsm: 
  Failed to download attachment: TypeError: NetworkError: Network request failed
console.error: RemoteSecuritySettings.jsm: 
  Failed to download attachment: TypeError: NetworkError: Network request failed
console.error: RemoteSecuritySettings.jsm: 
  Failed to download attachment: TypeError: NetworkError: Network request failed
console.error: RemoteSecuritySettings.jsm: 
  Failed to download attachment: TypeError: NetworkError: Network request failed
console.error: RemoteSecuritySettings.jsm: 
  Failed to download attachment: TypeError: NetworkError: Network request failed
console.error: RemoteSecuritySettings.jsm: 
  Failed to download attachment: TypeError: NetworkError: Network request failed
console.error: RemoteSecuritySettings.jsm: 
  Failed to download attachment: TypeError: NetworkError: Network request failed
console.error: RemoteSecuritySettings.jsm: 
  Failed to download attachment: TypeError: NetworkError: Network request failed
console.error: RemoteSecuritySettings.jsm: 
  Failed to download attachment: TypeError: NetworkError: Network request failed
console.error: RemoteSecuritySettings.jsm: 
  Failed to download attachment: TypeError: NetworkError: Network request failed
console.error: RemoteSecuritySettings.jsm: 
  Failed to download attachment: TypeError: NetworkError: Network request failed
console.error: RemoteSecuritySettings.jsm: 
  Failed to download attachment: TypeError: NetworkError: Network request failed
console.error: RemoteSecuritySettings.jsm: 
  Failed to download attachment: TypeError: NetworkError: Network request failed
console.error: RemoteSecuritySettings.jsm: 
  Failed to download attachment: TypeError: NetworkError: Network request failed
console.error: RemoteSecuritySettings.jsm: 
  Failed to download attachment: TypeError: NetworkError: Network request failed
console.error: RemoteSecuritySettings.jsm: 
  Failed to download attachment: TypeError: NetworkError: Network request failed
console.error: RemoteSecuritySettings.jsm: 
  Failed to download attachment: TypeError: NetworkError: Network request failed
console.error: RemoteSecuritySettings.jsm: 
  Failed to download attachment: TypeError: NetworkError: Network request failed
console.error: RemoteSecuritySettings.jsm: 
  Failed to download attachment: TypeError: NetworkError: Network request failed
console.error: RemoteSecuritySettings.jsm: 
  Failed to download attachment: TypeError: NetworkError: Network request failed
console.error: RemoteSecuritySettings.jsm: 
  Failed to download attachment: TypeError: NetworkError: Network request failed
console.error: RemoteSecuritySettings.jsm: 
  Failed to download attachment: TypeError: NetworkError: Network request failed
console.error: RemoteSecuritySettings.jsm: 
  Failed to download attachment: TypeError: NetworkError: Network request failed
console.error: RemoteSecuritySettings.jsm: 
  Failed to download attachment: TypeError: NetworkError: Network request failed
console.error: RemoteSecuritySettings.jsm: 
  Failed to download attachment: TypeError: NetworkError: Network request failed
console.error: RemoteSecuritySettings.jsm: 
  Failed to download attachment: TypeError: NetworkError: Network request failed
console.error: RemoteSecuritySettings.jsm: 
  Failed to download attachment: TypeError: NetworkError: Network request failed
console.error: RemoteSecuritySettings.jsm: 
  Failed to download attachment: TypeError: NetworkError: Network request failed
console.error: RemoteSecuritySettings.jsm: 
  Failed to download attachment: TypeError: NetworkError: Network request failed
console.error: RemoteSecuritySettings.jsm: 
  Failed to download attachment: TypeError: NetworkError: Network request failed
console.error: RemoteSecuritySettings.jsm: 
  Failed to download attachment: TypeError: NetworkError: Network request failed
console.error: RemoteSecuritySettings.jsm: 
  Failed to download attachment: TypeError: NetworkError: Network request failed
console.error: RemoteSecuritySettings.jsm: 
  Failed to download attachment: TypeError: NetworkError: Network request failed
console.error: RemoteSecuritySettings.jsm: 
  Failed to download attachment: TypeError: NetworkError: Network request failed
console.error: RemoteSecuritySettings.jsm: 
  Failed to download attachment: TypeError: NetworkError: Network request failed
console.error: RemoteSecuritySettings.jsm: 
  Failed to download attachment: TypeError: NetworkError: Network request failed
console.error: RemoteSecuritySettings.jsm: 
  Failed to download attachment: TypeError: NetworkError: Network request failed
console.error: RemoteSecuritySettings.jsm: 
  Failed to download attachment: TypeError: NetworkError: Network request failed
console.error: RemoteSecuritySettings.jsm: 
  Failed to download attachment: TypeError: NetworkError: Network request failed
console.error: RemoteSecuritySettings.jsm: 
  Failed to download attachment: TypeError: NetworkError: Network request failed
console.error: RemoteSecuritySettings.jsm: 
  Failed to download attachment: TypeError: NetworkError: Network request failed
console.error: RemoteSecuritySettings.jsm: 
  Failed to download attachment: TypeError: NetworkError: Network request failed
console.error: RemoteSecuritySettings.jsm: 
  Failed to download attachment: TypeError: NetworkError: Network request failed
console.error: RemoteSecuritySettings.jsm: 
  Failed to download attachment: TypeError: NetworkError: Network request failed
console.error: RemoteSecuritySettings.jsm: 
  Failed to download attachment: TypeError: NetworkError: Network request failed
console.error: RemoteSecuritySettings.jsm: 
  Failed to download attachment: TypeError: NetworkError: Network request failed
console.error: RemoteSecuritySettings.jsm: 
  Failed to download attachment: TypeError: NetworkError: Network request failed
console.error: RemoteSecuritySettings.jsm: 
  Failed to download attachment: TypeError: NetworkError: Network request failed
console.error: RemoteSecuritySettings.jsm: 
  Failed to download attachment: TypeError: NetworkError: Network request failed
console.error: RemoteSecuritySettings.jsm: 
  Failed to download attachment: TypeError: NetworkError: Network request failed
console.error: RemoteSecuritySettings.jsm: 
  Failed to download attachment: TypeError: NetworkError: Network request failed
console.error: RemoteSecuritySettings.jsm: 
  Failed to download attachment: TypeError: NetworkError: Network request failed
console.error: RemoteSecuritySettings.jsm: 
  Failed to download attachment: TypeError: NetworkError: Network request failed
console.error: RemoteSecuritySettings.jsm: 
  Failed to download attachment: TypeError: NetworkError: Network request failed
console.error: RemoteSecuritySettings.jsm: 
  Failed to download attachment: TypeError: NetworkError: Network request failed
console.error: RemoteSecuritySettings.jsm: 
  Failed to download attachment: TypeError: NetworkError: Network request failed
console.error: RemoteSecuritySettings.jsm: 
  Failed to download attachment: TypeError: NetworkError: Network request failed
console.error: RemoteSecuritySettings.jsm: 
  Failed to download attachment: TypeError: NetworkError: Network request failed
console.error: RemoteSecuritySettings.jsm: 
  Failed to download attachment: TypeError: NetworkError: Network request failed
console.error: RemoteSecuritySettings.jsm: 
  Failed to download attachment: TypeError: NetworkError: Network request failed
console.error: RemoteSecuritySettings.jsm: 
  Failed to download attachment: TypeError: NetworkError: Network request failed
console.error: RemoteSecuritySettings.jsm: 
  Failed to download attachment: TypeError: NetworkError: Network request failed
console.error: RemoteSecuritySettings.jsm: 
  Failed to download attachment: TypeError: NetworkError: Network request failed
console.error: RemoteSecuritySettings.jsm: 
  Failed to download attachment: TypeError: NetworkError: Network request failed
console.error: RemoteSecuritySettings.jsm: 
  Failed to download attachment: TypeError: NetworkError: Network request failed
console.error: RemoteSecuritySettings.jsm: 
  Failed to download attachment: TypeError: NetworkError: Network request failed
console.error: RemoteSecuritySettings.jsm: 
  Failed to download attachment: TypeError: NetworkError: Network request failed
console.error: RemoteSecuritySettings.jsm: 
  Failed to download attachment: TypeError: NetworkError: Network request failed
console.error: RemoteSecuritySettings.jsm: 
  Failed to download attachment: TypeError: NetworkError: Network request failed
console.error: RemoteSecuritySettings.jsm: 
  Failed to download attachment: TypeError: NetworkError: Network request failed
console.error: RemoteSecuritySettings.jsm: 
  Failed to download attachment: TypeError: NetworkError: Network request failed
console.error: RemoteSecuritySettings.jsm: 
  Failed to download attachment: TypeError: NetworkError: Network request failed
console.error: RemoteSecuritySettings.jsm: 
  Failed to download attachment: TypeError: NetworkError: Network request failed
console.error: RemoteSecuritySettings.jsm: 
  Failed to download attachment: TypeError: NetworkError: Network request failed
console.error: RemoteSecuritySettings.jsm: 
  Failed to download attachment: TypeError: NetworkError: Network request failed
console.error: RemoteSecuritySettings.jsm: 
  Failed to download attachment: TypeError: NetworkError: Network request failed
console.error: RemoteSecuritySettings.jsm: 
  Failed to download attachment: TypeError: NetworkError: Network request failed
console.error: RemoteSecuritySettings.jsm: 
  Failed to download attachment: TypeError: NetworkError: Network request failed
console.error: RemoteSecuritySettings.jsm: 
  Failed to download attachment: TypeError: NetworkError: Network request failed
console.error: RemoteSecuritySettings.jsm: 
  Failed to download attachment: TypeError: NetworkError: Network request failed
console.error: RemoteSecuritySettings.jsm: 
  Failed to download attachment: TypeError: NetworkError: Network request failed
console.error: RemoteSecuritySettings.jsm: 
  Failed to download attachment: TypeError: NetworkError: Network request failed
console.error: RemoteSecuritySettings.jsm: 
  Failed to download attachment: TypeError: NetworkError: Network request failed
console.error: RemoteSecuritySettings.jsm: 
  Failed to download attachment: TypeError: NetworkError: Network request failed
console.error: RemoteSecuritySettings.jsm: 
  Failed to download attachment: TypeError: NetworkError: Network request failed
console.error: RemoteSecuritySettings.jsm: 
  Failed to download attachment: TypeError: NetworkError: Network request failed
console.error: RemoteSecuritySettings.jsm: 
  Failed to download attachment: TypeError: NetworkError: Network request failed
console.error: RemoteSecuritySettings.jsm: 
  Failed to download attachment: TypeError: NetworkError: Network request failed
console.error: RemoteSecuritySettings.jsm: 
  Failed to download attachment: TypeError: NetworkError: Network request failed
console.error: RemoteSecuritySettings.jsm: 
  Failed to download attachment: TypeError: NetworkError: Network request failed
console.error: RemoteSecuritySettings.jsm: 
  Failed to download attachment: TypeError: NetworkError: Network request failed
console.error: RemoteSecuritySettings.jsm: 
  Failed to download attachment: TypeError: NetworkError: Network request failed
console.error: RemoteSecuritySettings.jsm: 
  Failed to download attachment: TypeError: NetworkError: Network request failed
console.error: RemoteSecuritySettings.jsm: 
  Failed to download attachment: TypeError: NetworkError: Network request failed
console.error: RemoteSecuritySettings.jsm: 
  Failed to download attachment: TypeError: NetworkError: Network request failed
console.error: RemoteSecuritySettings.jsm: 
  Failed to download attachment: TypeError: NetworkError: Network request failed
console.error: RemoteSecuritySettings.jsm: 
  Failed to download attachment: TypeError: NetworkError: Network request failed
console.error: RemoteSecuritySettings.jsm: 
  Failed to download attachment: TypeError: NetworkError: Network request failed
console.error: RemoteSecuritySettings.jsm: 
  Failed to download attachment: TypeError: NetworkError: Network request failed
console.error: RemoteSecuritySettings.jsm: 
  Failed to download attachment: TypeError: NetworkError: Network request failed
console.error: RemoteSecuritySettings.jsm: 
  Failed to download attachment: TypeError: NetworkError: Network request failed
console.error: RemoteSecuritySettings.jsm: 
  Failed to download attachment: TypeError: NetworkError: Network request failed
console.error: RemoteSecuritySettings.jsm: 
  Failed to download attachment: TypeError: NetworkError: Network request failed
console.error: RemoteSecuritySettings.jsm: 
  Failed to download attachment: TypeError: NetworkError: Network request failed
console.error: RemoteSecuritySettings.jsm: 
  Failed to download attachment: TypeError: NetworkError: Network request failed
console.error: RemoteSecuritySettings.jsm: 
  Failed to download attachment: TypeError: NetworkError: Network request failed
console.error: RemoteSecuritySettings.jsm: 
  Failed to download attachment: TypeError: NetworkError: Network request failed
console.error: RemoteSecuritySettings.jsm: 
  Failed to download attachment: TypeError: NetworkError: Network request failed
console.error: RemoteSecuritySettings.jsm: 
  Failed to download attachment: TypeError: NetworkError: Network request failed
console.error: RemoteSecuritySettings.jsm: 
  Failed to download attachment: TypeError: NetworkError: Network request failed
console.error: RemoteSecuritySettings.jsm: 
  Failed to download attachment: TypeError: NetworkError: Network request failed
console.error: RemoteSecuritySettings.jsm: 
  Failed to download attachment: TypeError: NetworkError: Network request failed
console.error: RemoteSecuritySettings.jsm: 
  Failed to download attachment: TypeError: NetworkError: Network request failed
console.error: RemoteSecuritySettings.jsm: 
  Failed to download attachment: TypeError: NetworkError: Network request failed
console.error: RemoteSecuritySettings.jsm: 
  Failed to download attachment: TypeError: NetworkError: Network request failed
console.error: RemoteSecuritySettings.jsm: 
  Failed to download attachment: TypeError: NetworkError: Network request failed
console.error: RemoteSecuritySettings.jsm: 
  Failed to download attachment: TypeError: NetworkError: Network request failed
console.error: RemoteSecuritySettings.jsm: 
  Failed to download attachment: TypeError: NetworkError: Network request failed
console.error: RemoteSecuritySettings.jsm: 
  Failed to download attachment: TypeError: NetworkError: Network request failed
console.error: RemoteSecuritySettings.jsm: 
  Failed to download attachment: TypeError: NetworkError: Network request failed
console.error: RemoteSecuritySettings.jsm: 
  Failed to download attachment: TypeError: NetworkError: Network request failed
console.error: RemoteSecuritySettings.jsm: 
  Failed to download attachment: TypeError: NetworkError: Network request failed
console.error: RemoteSecuritySettings.jsm: 
  Failed to download attachment: TypeError: NetworkError: Network request failed
console.error: RemoteSecuritySettings.jsm: 
  Failed to download attachment: TypeError: NetworkError: Network request failed
console.error: RemoteSecuritySettings.jsm: 
  Failed to download attachment: TypeError: NetworkError: Network request failed
console.error: RemoteSecuritySettings.jsm: 
  Failed to download attachment: TypeError: NetworkError: Network request failed
console.error: RemoteSecuritySettings.jsm: 
  Failed to download attachment: TypeError: NetworkError: Network request failed
console.error: RemoteSecuritySettings.jsm: 
  Failed to download attachment: TypeError: NetworkError: Network request failed
console.error: RemoteSecuritySettings.jsm: 
  Failed to download attachment: TypeError: NetworkError: Network request failed
console.error: RemoteSecuritySettings.jsm: 
  Failed to download attachment: TypeError: NetworkError: Network request failed
console.error: RemoteSecuritySettings.jsm: 
  Failed to download attachment: TypeError: NetworkError: Network request failed
console.error: RemoteSecuritySettings.jsm: 
  Failed to download attachment: TypeError: NetworkError: Network request failed
console.error: RemoteSecuritySettings.jsm: 
  Failed to download attachment: TypeError: NetworkError: Network request failed
console.error: RemoteSecuritySettings.jsm: 
  Failed to download attachment: TypeError: NetworkError: Network request failed
console.error: RemoteSecuritySettings.jsm: 
  Failed to download attachment: TypeError: NetworkError: Network request failed
console.error: RemoteSecuritySettings.jsm: 
  Failed to download attachment: TypeError: NetworkError: Network request failed
console.error: RemoteSecuritySettings.jsm: 
  Failed to download attachment: TypeError: NetworkError: Network request failed
console.error: RemoteSecuritySettings.jsm: 
  Failed to download attachment: TypeError: NetworkError: Network request failed
console.error: RemoteSecuritySettings.jsm: 
  Failed to download attachment: TypeError: NetworkError: Network request failed
console.error: RemoteSecuritySettings.jsm: 
  Failed to download attachment: TypeError: NetworkError: Network request failed
console.error: RemoteSecuritySettings.jsm: 
  Failed to download attachment: TypeError: NetworkError: Network request failed
console.error: RemoteSecuritySettings.jsm: 
  Failed to download attachment: TypeError: NetworkError: Network request failed
console.error: RemoteSecuritySettings.jsm: 
  Failed to download attachment: TypeError: NetworkError: Network request failed
console.error: RemoteSecuritySettings.jsm: 
  Failed to download attachment: TypeError: NetworkError: Network request failed
console.error: RemoteSecuritySettings.jsm: 
  Failed to download attachment: TypeError: NetworkError: Network request failed
console.error: RemoteSecuritySettings.jsm: 
  Failed to download attachment: TypeError: NetworkError: Network request failed
console.error: RemoteSecuritySettings.jsm: 
  Failed to download attachment: TypeError: NetworkError: Network request failed
console.error: RemoteSecuritySettings.jsm: 
  Failed to download attachment: TypeError: NetworkError: Network request failed
console.error: RemoteSecuritySettings.jsm: 
  Failed to download attachment: TypeError: NetworkError: Network request failed
console.error: RemoteSecuritySettings.jsm: 
  Failed to download attachment: TypeError: NetworkError: Network request failed
console.error: RemoteSecuritySettings.jsm: 
  Failed to download attachment: TypeError: NetworkError: Network request failed
console.error: RemoteSecuritySettings.jsm: 
  Failed to download attachment: TypeError: NetworkError: Network request failed
console.error: RemoteSecuritySettings.jsm: 
  Failed to download attachment: TypeError: NetworkError: Network request failed
console.error: RemoteSecuritySettings.jsm: 
  Failed to download attachment: TypeError: NetworkError: Network request failed
console.error: RemoteSecuritySettings.jsm: 
  Failed to download attachment: TypeError: NetworkError: Network request failed
console.error: RemoteSecuritySettings.jsm: 
  Failed to download attachment: TypeError: NetworkError: Network request failed
console.error: RemoteSecuritySettings.jsm: 
  Failed to download attachment: TypeError: NetworkError: Network request failed
console.error: RemoteSecuritySettings.jsm: 
  Failed to download attachment: TypeError: NetworkError: Network request failed
console.error: RemoteSecuritySettings.jsm: 
  Failed to download attachment: TypeError: NetworkError: Network request failed
console.error: RemoteSecuritySettings.jsm: 
  Failed to download attachment: TypeError: NetworkError: Network request failed
console.error: RemoteSecuritySettings.jsm: 
  Failed to download attachment: TypeError: NetworkError: Network request failed
console.error: RemoteSecuritySettings.jsm: 
  Failed to download attachment: TypeError: NetworkError: Network request failed
console.error: RemoteSecuritySettings.jsm: 
  Failed to download attachment: TypeError: NetworkError: Network request failed
console.error: RemoteSecuritySettings.jsm: 
  Failed to download attachment: TypeError: NetworkError: Network request failed
console.error: RemoteSecuritySettings.jsm: 
  Failed to download attachment: TypeError: NetworkError: Network request failed
console.error: RemoteSecuritySettings.jsm: 
  Failed to download attachment: TypeError: NetworkError: Network request failed
console.error: RemoteSecuritySettings.jsm: 
  Failed to download attachment: TypeError: NetworkError: Network request failed
console.error: RemoteSecuritySettings.jsm: 
  Failed to download attachment: TypeError: NetworkError: Network request failed
console.error: RemoteSecuritySettings.jsm: 
  Failed to download attachment: TypeError: NetworkError: Network request failed
console.error: RemoteSecuritySettings.jsm: 
  Failed to download attachment: TypeError: NetworkError: Network request failed
console.error: RemoteSecuritySettings.jsm: 
  Failed to download attachment: TypeError: NetworkError: Network request failed
console.error: RemoteSecuritySettings.jsm: 
  Failed to download attachment: TypeError: NetworkError: Network request failed
console.error: RemoteSecuritySettings.jsm: 
  Failed to download attachment: TypeError: NetworkError: Network request failed
console.error: RemoteSecuritySettings.jsm: 
  Failed to download attachment: TypeError: NetworkError: Network request failed
console.error: RemoteSecuritySettings.jsm: 
  Failed to download attachment: TypeError: NetworkError: Network request failed
console.error: RemoteSecuritySettings.jsm: 
  Failed to download attachment: TypeError: NetworkError: Network request failed
console.error: RemoteSecuritySettings.jsm: 
  Failed to download attachment: TypeError: NetworkError: Network request failed
console.error: RemoteSecuritySettings.jsm: 
  Failed to download attachment: TypeError: NetworkError: Network request failed
console.error: RemoteSecuritySettings.jsm: 
  Failed to download attachment: TypeError: NetworkError: Network request failed
console.error: RemoteSecuritySettings.jsm: 
  Failed to download attachment: TypeError: NetworkError: Network request failed
console.error: RemoteSecuritySettings.jsm: 
  Failed to download attachment: TypeError: NetworkError: Network request failed
console.error: RemoteSecuritySettings.jsm: 
  Failed to download attachment: TypeError: NetworkError: Network request failed
console.error: RemoteSecuritySettings.jsm: 
  Failed to download attachment: TypeError: NetworkError: Network request failed
console.error: RemoteSecuritySettings.jsm: 
  Failed to download attachment: TypeError: NetworkError: Network request failed
console.error: RemoteSecuritySettings.jsm: 
  Failed to download attachment: TypeError: NetworkError: Network request failed
console.error: RemoteSecuritySettings.jsm: 
  Failed to download attachment: TypeError: NetworkError: Network request failed
console.error: RemoteSecuritySettings.jsm: 
  Failed to download attachment: TypeError: NetworkError: Network request failed
console.error: RemoteSecuritySettings.jsm: 
  Failed to download attachment: TypeError: NetworkError: Network request failed
console.error: RemoteSecuritySettings.jsm: 
  Failed to download attachment: TypeError: NetworkError: Network request failed
console.error: RemoteSecuritySettings.jsm: 
  Failed to download attachment: TypeError: NetworkError: Network request failed
console.error: RemoteSecuritySettings.jsm: 
  Failed to download attachment: TypeError: NetworkError: Network request failed
console.error: RemoteSecuritySettings.jsm: 
  Failed to download attachment: TypeError: NetworkError: Network request failed
console.error: RemoteSecuritySettings.jsm: 
  Failed to download attachment: TypeError: NetworkError: Network request failed
console.error: RemoteSecuritySettings.jsm: 
  Failed to download attachment: TypeError: NetworkError: Network request failed
console.error: RemoteSecuritySettings.jsm: 
  Failed to download attachment: TypeError: NetworkError: Network request failed
console.error: RemoteSecuritySettings.jsm: 
  Failed to download attachment: TypeError: NetworkError: Network request failed
console.error: RemoteSecuritySettings.jsm: 
  Failed to download attachment: TypeError: NetworkError: Network request failed
console.error: RemoteSecuritySettings.jsm: 
  Failed to download attachment: TypeError: NetworkError: Network request failed
console.error: RemoteSecuritySettings.jsm: 
  Failed to download attachment: TypeError: NetworkError: Network request failed
console.error: RemoteSecuritySettings.jsm: 
  Failed to download attachment: TypeError: NetworkError: Network request failed
console.error: RemoteSecuritySettings.jsm: 
  Failed to download attachment: TypeError: NetworkError: Network request failed
console.error: RemoteSecuritySettings.jsm: 
  Failed to download attachment: TypeError: NetworkError: Network request failed
console.error: RemoteSecuritySettings.jsm: 
  Failed to download attachment: TypeError: NetworkError: Network request failed
console.error: RemoteSecuritySettings.jsm: 
  Failed to download attachment: TypeError: NetworkError: Network request failed
console.error: RemoteSecuritySettings.jsm: 
  Failed to download attachment: TypeError: NetworkError: Network request failed
console.error: RemoteSecuritySettings.jsm: 
  Failed to download attachment: TypeError: NetworkError: Network request failed
console.error: RemoteSecuritySettings.jsm: 
  Failed to download attachment: TypeError: NetworkError: Network request failed
console.error: RemoteSecuritySettings.jsm: 
  Failed to download attachment: TypeError: NetworkError: Network request failed
console.error: RemoteSecuritySettings.jsm: 
  Failed to download attachment: TypeError: NetworkError: Network request failed
console.error: RemoteSecuritySettings.jsm: 
  Failed to download attachment: TypeError: NetworkError: Network request failed
console.error: RemoteSecuritySettings.jsm: 
  Failed to download attachment: TypeError: NetworkError: Network request failed
console.error: RemoteSecuritySettings.jsm: 
  Failed to download attachment: TypeError: NetworkError: Network request failed
console.error: RemoteSecuritySettings.jsm: 
  Failed to download attachment: TypeError: NetworkError: Network request failed
console.error: RemoteSecuritySettings.jsm: 
  Failed to download attachment: TypeError: NetworkError: Network request failed
console.error: RemoteSecuritySettings.jsm: 
  Failed to download attachment: TypeError: NetworkError: Network request failed
console.error: RemoteSecuritySettings.jsm: 
  Failed to download attachment: TypeError: NetworkError: Network request failed
console.error: RemoteSecuritySettings.jsm: 
  Failed to download attachment: TypeError: NetworkError: Network request failed
console.error: RemoteSecuritySettings.jsm: 
  Failed to download attachment: TypeError: NetworkError: Network request failed
console.error: RemoteSecuritySettings.jsm: 
  Failed to download attachment: TypeError: NetworkError: Network request failed
console.error: RemoteSecuritySettings.jsm: 
  Failed to download attachment: TypeError: NetworkError: Network request failed
console.error: RemoteSecuritySettings.jsm: 
  Failed to download attachment: TypeError: NetworkError: Network request failed
console.error: RemoteSecuritySettings.jsm: 
  Failed to download attachment: TypeError: NetworkError: Network request failed
console.error: RemoteSecuritySettings.jsm: 
  Failed to download attachment: TypeError: NetworkError: Network request failed
console.error: RemoteSecuritySettings.jsm: 
  Failed to download attachment: TypeError: NetworkError: Network request failed
console.error: RemoteSecuritySettings.jsm: 
  Failed to download attachment: TypeError: NetworkError: Network request failed
console.error: RemoteSecuritySettings.jsm: 
  Failed to download attachment: TypeError: NetworkError: Network request failed
console.error: RemoteSecuritySettings.jsm: 
  Failed to download attachment: TypeError: NetworkError: Network request failed
console.error: RemoteSecuritySettings.jsm: 
  Failed to download attachment: TypeError: NetworkError: Network request failed
console.error: RemoteSecuritySettings.jsm: 
  Failed to download attachment: TypeError: NetworkError: Network request failed
console.error: RemoteSecuritySettings.jsm: 
  Failed to download attachment: TypeError: NetworkError: Network request failed
console.error: RemoteSecuritySettings.jsm: 
  Failed to download attachment: TypeError: NetworkError: Network request failed
console.error: RemoteSecuritySettings.jsm: 
  Failed to download attachment: TypeError: NetworkError: Network request failed
console.error: RemoteSecuritySettings.jsm: 
  Failed to download attachment: TypeError: NetworkError: Network request failed
console.error: RemoteSecuritySettings.jsm: 
  Failed to download attachment: TypeError: NetworkError: Network request failed
console.error: RemoteSecuritySettings.jsm: 
  Failed to download attachment: TypeError: NetworkError: Network request failed
console.error: RemoteSecuritySettings.jsm: 
  Failed to download attachment: TypeError: NetworkError: Network request failed
console.error: RemoteSecuritySettings.jsm: 
  Failed to download attachment: TypeError: NetworkError: Network request failed
console.error: RemoteSecuritySettings.jsm: 
  Failed to download attachment: TypeError: NetworkError: Network request failed
console.error: RemoteSecuritySettings.jsm: 
  Failed to download attachment: TypeError: NetworkError: Network request failed
console.error: RemoteSecuritySettings.jsm: 
  Failed to download attachment: TypeError: NetworkError: Network request failed
console.error: RemoteSecuritySettings.jsm: 
  Failed to download attachment: TypeError: NetworkError: Network request failed
console.error: RemoteSecuritySettings.jsm: 
  Failed to download attachment: TypeError: NetworkError: Network request failed
console.error: RemoteSecuritySettings.jsm: 
  Failed to download attachment: TypeError: NetworkError: Network request failed
console.error: RemoteSecuritySettings.jsm: 
  Failed to download attachment: TypeError: NetworkError: Network request failed
console.error: RemoteSecuritySettings.jsm: 
  Failed to download attachment: TypeError: NetworkError: Network request failed
console.error: RemoteSecuritySettings.jsm: 
  Failed to download attachment: TypeError: NetworkError: Network request failed
console.error: RemoteSecuritySettings.jsm: 
  Failed to download attachment: TypeError: NetworkError: Network request failed
console.error: RemoteSecuritySettings.jsm: 
  Failed to download attachment: TypeError: NetworkError: Network request failed
console.error: RemoteSecuritySettings.jsm: 
  Failed to download attachment: TypeError: NetworkError: Network request failed
console.error: RemoteSecuritySettings.jsm: 
  Failed to download attachment: TypeError: NetworkError: Network request failed
console.error: RemoteSecuritySettings.jsm: 
  Failed to download attachment: TypeError: NetworkError: Network request failed
console.error: RemoteSecuritySettings.jsm: 
  Failed to download attachment: TypeError: NetworkError: Network request failed
console.error: RemoteSecuritySettings.jsm: 
  Failed to download attachment: TypeError: NetworkError: Network request failed
console.error: RemoteSecuritySettings.jsm: 
  Failed to download attachment: TypeError: NetworkError: Network request failed
console.error: RemoteSecuritySettings.jsm: 
  Failed to download attachment: TypeError: NetworkError: Network request failed
console.error: RemoteSecuritySettings.jsm: 
  Failed to download attachment: TypeError: NetworkError: Network request failed
console.error: RemoteSecuritySettings.jsm: 
  Failed to download attachment: TypeError: NetworkError: Network request failed
console.error: RemoteSecuritySettings.jsm: 
  Failed to download attachment: TypeError: NetworkError: Network request failed
console.error: RemoteSecuritySettings.jsm: 
  Failed to download attachment: TypeError: NetworkError: Network request failed
console.error: RemoteSecuritySettings.jsm: 
  Failed to download attachment: TypeError: NetworkError: Network request failed
console.error: RemoteSecuritySettings.jsm: 
  Failed to download attachment: TypeError: NetworkError: Network request failed
console.error: RemoteSecuritySettings.jsm: 
  Failed to download attachment: TypeError: NetworkError: Network request failed
