1695211000714	geckodriver	INFO	Listening on 127.0.0.1:51472
1695211003784	mozrunner::runner	INFO	Running command: "C:\\Program Files\\Mozilla Firefox\\firefox.exe" "--marionette" "--remote-debugging-port" "51473" "--remote-allow-hosts" "localhost" "-no-remote" "-profile" "C:\\Users\\Lenovo\\AppData\\Local\\Temp\\rust_mozprofileyb4NRG"
console.warn: services.settings: Ignoring preference override of remote settings server
console.warn: services.settings: Allow by setting MOZ_REMOTE_SETTINGS_DEVTOOLS=1 in the environment
1695211004140	Marionette	INFO	Marionette enabled
Dynamically enable window occlusion 0
1695211004213	Marionette	INFO	Listening on port 51497
WebDriver BiDi listening on ws://127.0.0.1:51473
Read port: 51497
1695211004414	RemoteAgent	WARN	TLS certificate errors will be ignored for this session
DevTools listening on ws://127.0.0.1:51473/devtools/browser/7962ea4d-a203-44f6-8336-3a17caf397f2
console.warn: LoginRecipes: "Falling back to a synchronous message for: https://frontend.woosonicpwa.com."
console.warn: LoginRecipes: "Falling back to a synchronous message for: https://frontend.woosonicpwa.com."
console.warn: LoginRecipes: "Falling back to a synchronous message for: https://frontend.woosonicpwa.com."
console.warn: LoginRecipes: "Falling back to a synchronous message for: https://frontend.woosonicpwa.com."
JavaScript error: , line 0: TypeError: NetworkError when attempting to fetch resource.
JavaScript error: , line 0: TypeError: NetworkError when attempting to fetch resource.
JavaScript error: resource://gre/modules/AsyncShutdown.sys.mjs, line 573: NotFoundError: No such JSWindowActor 'DevToolsFrame'
1695211319781	Marionette	INFO	Stopped listening on port 51497
Dynamically enable window occlusion 1
