1695116471760	geckodriver	INFO	Listening on 127.0.0.1:52754
1695116474826	mozrunner::runner	INFO	Running command: "C:\\Program Files\\Mozilla Firefox\\firefox.exe" "--marionette" "--remote-debugging-port" "52755" "--remote-allow-hosts" "localhost" "-no-remote" "-profile" "C:\\Users\\Lenovo\\AppData\\Local\\Temp\\rust_mozprofileeVl2kL"
console.warn: services.settings: Ignoring preference override of remote settings server
console.warn: services.settings: Allow by setting MOZ_REMOTE_SETTINGS_DEVTOOLS=1 in the environment
1695116475369	Marionette	INFO	Marionette enabled
Dynamically enable window occlusion 0
1695116475506	Marionette	INFO	Listening on port 52777
WebDriver BiDi listening on ws://127.0.0.1:52755
Read port: 52777
1695116475820	RemoteAgent	WARN	TLS certificate errors will be ignored for this session
DevTools listening on ws://127.0.0.1:52755/devtools/browser/f9ef7eb8-a6c1-4ad7-8034-323f163f11b1
console.warn: LoginRecipes: "Falling back to a synchronous message for: https://frontend.woosonicpwa.com."
console.warn: LoginRecipes: "Falling back to a synchronous message for: https://frontend.woosonicpwa.com."
console.warn: LoginRecipes: "Falling back to a synchronous message for: https://frontend.woosonicpwa.com."
console.warn: LoginRecipes: "Falling back to a synchronous message for: https://frontend.woosonicpwa.com."
JavaScript warning: https://connect.facebook.net/en_US/fbevents.js, line 24: Script terminated by timeout at:
value@https://connect.facebook.net/en_US/fbevents.js:24:7808
@https://connect.facebook.net/en_US/fbevents.js:24:65377

1695116632648	Marionette	INFO	Stopped listening on port 52777
Dynamically enable window occlusion 1
!!! error running onStopped callback: TypeError: callback is not a function
