1695157810373	geckodriver	INFO	Listening on 127.0.0.1:59994
1695157813451	mozrunner::runner	INFO	Running command: "C:\\Program Files\\Mozilla Firefox\\firefox.exe" "--marionette" "--remote-debugging-port" "59995" "--remote-allow-hosts" "localhost" "-no-remote" "-profile" "C:\\Users\\Lenovo\\AppData\\Local\\Temp\\rust_mozprofiletIhW16"
console.warn: services.settings: Ignoring preference override of remote settings server
console.warn: services.settings: Allow by setting MOZ_REMOTE_SETTINGS_DEVTOOLS=1 in the environment
1695157813775	Marionette	INFO	Marionette enabled
Dynamically enable window occlusion 0
1695157813850	Marionette	INFO	Listening on port 60008
WebDriver BiDi listening on ws://127.0.0.1:59995
Read port: 60008
1695157814105	RemoteAgent	WARN	TLS certificate errors will be ignored for this session
DevTools listening on ws://127.0.0.1:59995/devtools/browser/2f1e4632-4ea1-4927-8b02-1177a5a01aa9
console.warn: LoginRecipes: "Falling back to a synchronous message for: https://frontend.woosonicpwa.com."
console.warn: LoginRecipes: "Falling back to a synchronous message for: https://frontend.woosonicpwa.com."
console.warn: LoginRecipes: "Falling back to a synchronous message for: https://frontend.woosonicpwa.com."
console.warn: LoginRecipes: "Falling back to a synchronous message for: https://frontend.woosonicpwa.com."
JavaScript error: https://frontend.woosonicpwa.com/_next/static/chunks/fd9d1056-c5fdb8005581c0c9.js, line 9: Error: Minified React error #418; visit https://reactjs.org/docs/error-decoder.html?invariant=418 for the full message or use the non-minified dev environment for full errors and additional helpful warnings.
JavaScript error: https://frontend.woosonicpwa.com/_next/static/chunks/fd9d1056-c5fdb8005581c0c9.js, line 9: Error: Minified React error #418; visit https://reactjs.org/docs/error-decoder.html?invariant=418 for the full message or use the non-minified dev environment for full errors and additional helpful warnings.
JavaScript error: https://frontend.woosonicpwa.com/_next/static/chunks/fd9d1056-c5fdb8005581c0c9.js, line 9: Error: Minified React error #418; visit https://reactjs.org/docs/error-decoder.html?invariant=418 for the full message or use the non-minified dev environment for full errors and additional helpful warnings.
JavaScript error: https://frontend.woosonicpwa.com/_next/static/chunks/fd9d1056-c5fdb8005581c0c9.js, line 9: Error: Minified React error #418; visit https://reactjs.org/docs/error-decoder.html?invariant=418 for the full message or use the non-minified dev environment for full errors and additional helpful warnings.
JavaScript error: https://frontend.woosonicpwa.com/_next/static/chunks/fd9d1056-c5fdb8005581c0c9.js, line 9: Error: Minified React error #418; visit https://reactjs.org/docs/error-decoder.html?invariant=418 for the full message or use the non-minified dev environment for full errors and additional helpful warnings.
JavaScript error: https://frontend.woosonicpwa.com/_next/static/chunks/fd9d1056-c5fdb8005581c0c9.js, line 9: Error: Minified React error #418; visit https://reactjs.org/docs/error-decoder.html?invariant=418 for the full message or use the non-minified dev environment for full errors and additional helpful warnings.
JavaScript error: https://frontend.woosonicpwa.com/_next/static/chunks/fd9d1056-c5fdb8005581c0c9.js, line 9: Error: Minified React error #418; visit https://reactjs.org/docs/error-decoder.html?invariant=418 for the full message or use the non-minified dev environment for full errors and additional helpful warnings.
JavaScript error: https://frontend.woosonicpwa.com/_next/static/chunks/fd9d1056-c5fdb8005581c0c9.js, line 9: Error: Minified React error #418; visit https://reactjs.org/docs/error-decoder.html?invariant=418 for the full message or use the non-minified dev environment for full errors and additional helpful warnings.
JavaScript error: https://frontend.woosonicpwa.com/_next/static/chunks/fd9d1056-c5fdb8005581c0c9.js, line 9: Error: Minified React error #423; visit https://reactjs.org/docs/error-decoder.html?invariant=423 for the full message or use the non-minified dev environment for full errors and additional helpful warnings.
JavaScript error: , line 0: TypeError: NetworkError when attempting to fetch resource.
JavaScript warning: https://connect.facebook.net/en_US/fbevents.js, line 24: Script terminated by timeout at:
value@https://connect.facebook.net/en_US/fbevents.js:24:7808
@https://connect.facebook.net/en_US/fbevents.js:24:65377

1695164957108	Marionette	INFO	Stopped listening on port 60008
Dynamically enable window occlusion 1
