1695215754165	geckodriver	INFO	Listening on 127.0.0.1:52264
1695215757260	mozrunner::runner	INFO	Running command: "C:\\Program Files\\Mozilla Firefox\\firefox.exe" "--marionette" "--remote-debugging-port" "52265" "--remote-allow-hosts" "localhost" "-no-remote" "-profile" "C:\\Users\\Lenovo\\AppData\\Local\\Temp\\rust_mozprofileY3KVCQ"
console.warn: services.settings: Ignoring preference override of remote settings server
console.warn: services.settings: Allow by setting MOZ_REMOTE_SETTINGS_DEVTOOLS=1 in the environment
1695215757618	Marionette	INFO	Marionette enabled
Dynamically enable window occlusion 0
1695215757693	Marionette	INFO	Listening on port 52282
WebDriver BiDi listening on ws://127.0.0.1:52265
Read port: 52282
1695215757957	RemoteAgent	WARN	TLS certificate errors will be ignored for this session
DevTools listening on ws://127.0.0.1:52265/devtools/browser/536c1fe1-f186-4b68-9dbc-ae7f161b5184
console.warn: LoginRecipes: "Falling back to a synchronous message for: https://frontend.woosonicpwa.com."
console.warn: LoginRecipes: "Falling back to a synchronous message for: https://frontend.woosonicpwa.com."
console.warn: LoginRecipes: "Falling back to a synchronous message for: https://frontend.woosonicpwa.com."
console.warn: LoginRecipes: "Falling back to a synchronous message for: https://frontend.woosonicpwa.com."
console.warn: LoginRecipes: "Falling back to a synchronous message for: https://frontend.woosonicpwa.com."
console.warn: LoginRecipes: "Falling back to a synchronous message for: https://frontend.woosonicpwa.com."
console.warn: LoginRecipes: "Falling back to a synchronous message for: https://frontend.woosonicpwa.com."
console.warn: LoginRecipes: "Falling back to a synchronous message for: https://frontend.woosonicpwa.com."
JavaScript error: , line 0: TypeError: NetworkError when attempting to fetch resource.
JavaScript error: , line 0: TypeError: NetworkError when attempting to fetch resource.
1695216246304	Marionette	INFO	Stopped listening on port 52282
Dynamically enable window occlusion 1
!!! error running onStopped callback: TypeError: callback is not a function
